c:\users\maver_000\documents\projects\realsense\face_tracking\build\win32_debug\face_controlled_robotic_hand\facetrackingalerthandler.obj
c:\users\maver_000\documents\projects\realsense\face_tracking\build\win32_debug\face_controlled_robotic_hand\facetrackingframeratecalculator.obj
c:\users\maver_000\documents\projects\realsense\face_tracking\build\win32_debug\face_controlled_robotic_hand\facetrackingutilities.obj
c:\users\maver_000\documents\projects\realsense\face_tracking\build\win32_debug\face_controlled_robotic_hand\serial.obj
c:\users\maver_000\documents\projects\realsense\face_tracking\build\win32_debug\face_controlled_robotic_hand\main.obj
c:\users\maver_000\documents\projects\realsense\face_tracking\build\win32_debug\face_controlled_robotic_hand\facetrackingprocessor.obj
c:\users\maver_000\documents\projects\realsense\face_tracking\build\win32_debug\face_controlled_robotic_hand\facetrackingrenderer.obj
c:\users\maver_000\documents\projects\realsense\face_tracking\build\win32_debug\face_controlled_robotic_hand\.netframework,version=v4.0.assemblyattributes.obj
c:\users\maver_000\documents\projects\realsense\face_tracking\build\win32_debug\face_controlled_robotic_hand\face_tracking.res
c:\users\maver_000\documents\projects\realsense\face_tracking\build\win32_debug\face_controlled_robotic_hand\face_tracking_vs2013.vcxprojresolveassemblyreference.cache
c:\users\maver_000\documents\projects\realsense\face_tracking\build\win32_debug\face_controlled_robotic_hand\face_con.1787539f.tlog\cl.command.1.tlog
c:\users\maver_000\documents\projects\realsense\face_tracking\build\win32_debug\face_controlled_robotic_hand\face_con.1787539f.tlog\cl.read.1.tlog
c:\users\maver_000\documents\projects\realsense\face_tracking\build\win32_debug\face_controlled_robotic_hand\face_con.1787539f.tlog\cl.write.1.tlog
c:\users\maver_000\documents\projects\realsense\face_tracking\build\win32_debug\face_controlled_robotic_hand\face_con.1787539f.tlog\link-cvtres.read.1.tlog
c:\users\maver_000\documents\projects\realsense\face_tracking\build\win32_debug\face_controlled_robotic_hand\face_con.1787539f.tlog\link-cvtres.write.1.tlog
c:\users\maver_000\documents\projects\realsense\face_tracking\build\win32_debug\face_controlled_robotic_hand\face_con.1787539f.tlog\link-rc.read.1.tlog
c:\users\maver_000\documents\projects\realsense\face_tracking\build\win32_debug\face_controlled_robotic_hand\face_con.1787539f.tlog\link-rc.write.1.tlog
c:\users\maver_000\documents\projects\realsense\face_tracking\build\win32_debug\face_controlled_robotic_hand\face_con.1787539f.tlog\link.command.1.tlog
c:\users\maver_000\documents\projects\realsense\face_tracking\build\win32_debug\face_controlled_robotic_hand\face_con.1787539f.tlog\link.read.1.tlog
c:\users\maver_000\documents\projects\realsense\face_tracking\build\win32_debug\face_controlled_robotic_hand\face_con.1787539f.tlog\link.write.1.tlog
c:\users\maver_000\documents\projects\realsense\face_tracking\build\win32_debug\face_controlled_robotic_hand\face_con.1787539f.tlog\metagen.read.1.tlog
c:\users\maver_000\documents\projects\realsense\face_tracking\build\win32_debug\face_controlled_robotic_hand\face_con.1787539f.tlog\metagen.write.1.tlog
c:\users\maver_000\documents\projects\realsense\face_tracking\build\win32_debug\face_controlled_robotic_hand\face_con.1787539f.tlog\rc.command.1.tlog
c:\users\maver_000\documents\projects\realsense\face_tracking\build\win32_debug\face_controlled_robotic_hand\face_con.1787539f.tlog\rc.read.1.tlog
c:\users\maver_000\documents\projects\realsense\face_tracking\build\win32_debug\face_controlled_robotic_hand\face_con.1787539f.tlog\rc.write.1.tlog
c:\users\maver_000\documents\projects\realsense\face_tracking\build\win32_debug\face_controlled_robotic_hand\face_con.1787539f.tlog\tzres.dll.bi
